{"message":"Unauthorized request to path: /","level":"error"}
{"message":"Unauthorized request to path: /favicon.ico","level":"error"}
{"message":"Unauthorized request to path: /","level":"error"}
{"message":"Unauthorized request to path: /","level":"error"}
{"message":"Unauthorized request to path: /bookmarks","level":"error"}
{"message":"Unauthorized request to path: /bookmarks","level":"error"}
{"message":"Unauthorized request to path: /bookmarks","level":"error"}
{"message":"Unauthorized request to path: /bookmarks","level":"error"}
{"message":"res.json(...).post is not a function","level":"error"}
{"message":"Title is required","level":"error"}
{"message":"Title is required","level":"error"}
{"message":"Title is required","level":"error"}
{"message":"Title is required","level":"error"}
{"message":"Title is required","level":"error"}
{"message":"Title is required","level":"error"}
{"message":"Title is required","level":"error"}
{"message":"Title is required","level":"error"}
{"message":"Title is required","level":"error"}
{"message":"Title is required","level":"error"}
{"message":"Unexpected token \" in JSON at position 0","level":"error"}
{"message":"Title is required","level":"error"}
{"message":"Unexpected token \" in JSON at position 0","level":"error"}
{"message":"Unexpected token \" in JSON at position 0","level":"error"}
{"message":"Unexpected token \" in JSON at position 0","level":"error"}
{"message":"Url is required","level":"error"}
{"message":"Unexpected string in JSON at position 21","level":"error"}
{"message":"Unexpected string in JSON at position 21","level":"error"}
{"message":"Unexpected token h in JSON at position 30","level":"error"}
{"message":"Description is required","level":"error"}
{"message":"Rating is required","level":"error"}
{"message":"Unexpected string in JSON at position 165","level":"error"}
{"message":"Bookmark with Bookmark ID:ffda7e37-731d-4146-af14-d7fc736950e1 created","level":"info"}
{"message":"bookmarks is not defined","level":"error"}
{"message":"id 94c5f890-71e1-11ea-bc55-0242ac130003 deleted successfully!","level":"info"}
